CREATE EXTENSION pg_bigm;
\pset null '(null)'
SHOW pg_bigm.last_update;
 pg_bigm.last_update 
---------------------
 2013.04.05
(1 row)

SET pg_bigm.last_update = '2013.09.18';
ERROR:  parameter "pg_bigm.last_update" cannot be changed
SELECT likequery (NULL);
 likequery 
-----------
 (null)
(1 row)

SELECT likequery ('');
 likequery 
-----------
 (null)
(1 row)

SELECT likequery ('aBc023#*^&');
  likequery   
--------------
 %aBc023#*^&%
(1 row)

SELECT likequery ('ポスグレの全文検索');
      likequery       
----------------------
 %ポスグレの全文検索%
(1 row)

SELECT likequery ('\_%');
 likequery 
-----------
 %\\\_\%%
(1 row)

SELECT likequery ('pg_bigmは検索性能を200%向上させました。');
                  likequery                  
---------------------------------------------
 %pg\_bigmは検索性能を200\%向上させました。%
(1 row)

